<?xml version="1.0" encoding="UTF-8"?><testrun name="PolarComplexArithmeticTestsTest" project="complex" tests="10" started="10" failures="1" errors="0" ignored="0">
  <testsuite name="PolarComplexArithmeticTestsTest" time="0.005">
    <testcase name="testAbs" classname="PolarComplexArithmeticTestsTest" time="0.0"/>
    <testcase name="testArg" classname="PolarComplexArithmeticTestsTest" time="0.0"/>
    <testcase name="testExp" classname="PolarComplexArithmeticTestsTest" time="0.0"/>
    <testcase name="testLog" classname="PolarComplexArithmeticTestsTest" time="0.004">
      <failure>java.lang.AssertionError: expected:&lt;0.30000000000000004&gt; but was:&lt;1.3862943611198906&gt;
	at org.junit.Assert.fail(Assert.java:88)
	at org.junit.Assert.failNotEquals(Assert.java:743)
	at org.junit.Assert.assertEquals(Assert.java:494)
	at org.junit.Assert.assertEquals(Assert.java:592)
	at PolarComplexArithmeticTestsTest.testLog(PolarComplexArithmeticTestsTest.java:44)
	at sun.reflect.NativeMethodAccessorImpl.invoke0(Native Method)
	at sun.reflect.NativeMethodAccessorImpl.invoke(NativeMethodAccessorImpl.java:62)
	at sun.reflect.DelegatingMethodAccessorImpl.invoke(DelegatingMethodAccessorImpl.java:43)
	at java.lang.reflect.Method.invoke(Method.java:483)
	at org.junit.runners.model.FrameworkMethod$1.runReflectiveCall(FrameworkMethod.java:47)
	at org.junit.internal.runners.model.ReflectiveCallable.run(ReflectiveCallable.java:12)
	at org.junit.runners.model.FrameworkMethod.invokeExplosively(FrameworkMethod.java:44)
	at org.junit.internal.runners.statements.InvokeMethod.evaluate(InvokeMethod.java:17)
	at org.junit.runners.ParentRunner.runLeaf(ParentRunner.java:271)
	at org.junit.runners.BlockJUnit4ClassRunner.runChild(BlockJUnit4ClassRunner.java:70)
	at org.junit.runners.BlockJUnit4ClassRunner.runChild(BlockJUnit4ClassRunner.java:50)
	at org.junit.runners.ParentRunner$3.run(ParentRunner.java:238)
	at org.junit.runners.ParentRunner$1.schedule(ParentRunner.java:63)
	at org.junit.runners.ParentRunner.runChildren(ParentRunner.java:236)
	at org.junit.runners.ParentRunner.access$000(ParentRunner.java:53)
	at org.junit.runners.ParentRunner$2.evaluate(ParentRunner.java:229)
	at org.junit.runners.ParentRunner.run(ParentRunner.java:309)
	at org.eclipse.jdt.internal.junit4.runner.JUnit4TestReference.run(JUnit4TestReference.java:50)
	at org.eclipse.jdt.internal.junit.runner.TestExecution.run(TestExecution.java:38)
	at org.eclipse.jdt.internal.junit.runner.RemoteTestRunner.runTests(RemoteTestRunner.java:459)
	at org.eclipse.jdt.internal.junit.runner.RemoteTestRunner.runTests(RemoteTestRunner.java:675)
	at org.eclipse.jdt.internal.junit.runner.RemoteTestRunner.run(RemoteTestRunner.java:382)
	at org.eclipse.jdt.internal.junit.runner.RemoteTestRunner.main(RemoteTestRunner.java:192)

</failure>
    </testcase>
    <testcase name="testConj" classname="PolarComplexArithmeticTestsTest" time="0.0"/>
    <testcase name="testIm" classname="PolarComplexArithmeticTestsTest" time="0.0"/>
    <testcase name="testRe" classname="PolarComplexArithmeticTestsTest" time="0.0"/>
    <testcase name="testCompareTo" classname="PolarComplexArithmeticTestsTest" time="0.001"/>
    <testcase name="testRotate" classname="PolarComplexArithmeticTestsTest" time="0.0"/>
    <testcase name="testStretch" classname="PolarComplexArithmeticTestsTest" time="0.0"/>
  </testsuite>
</testrun>
